<?xml version="1.0" encoding="UTF-8"?>
<!-- Generated by org.testng.reporters.JUnitReportReporter -->
<testsuite skipped="0" hostname="LAPTOP-I390DLKC" name="Actions.MouseAction" tests="2" failures="0" timestamp="02 Jun 2021 08:12:04 GMT" time="20.089" errors="0">
  <testcase name="LaunchingBrowser" time="13.777" classname="Actions.MouseAction"/>
  <testcase name="dragAndDrop" time="6.312" classname="Actions.MouseAction"/>
</testsuite> <!-- Actions.MouseAction -->
