<?xml version="1.0" encoding="UTF-8"?>
<!-- Generated by org.testng.reporters.JUnitReportReporter -->
<testsuite skipped="0" hostname="LAPTOP-I390DLKC" name="CucumberOptionsss.TestRunnerTestNG" tests="1" failures="0" timestamp="08 Jun 2021 13:18:39 GMT" time="123.411" errors="0">
  <testcase name="runScenario" time="123.411" classname="CucumberOptionsss.TestRunnerTestNG"/>
</testsuite> <!-- CucumberOptionsss.TestRunnerTestNG -->
