<?xml version="1.0" encoding="UTF-8"?>
<!-- Generated by org.testng.reporters.JUnitReportReporter -->
<testsuite skipped="0" hostname="LAPTOP-I390DLKC" name="CucumberOptionsss.TestRunnerTestNG" tests="2" failures="0" timestamp="13 Jul 2021 06:55:27 GMT" time="203.311" errors="0">
  <testcase name="runScenario" time="113.941" classname="CucumberOptionsss.TestRunnerTestNG"/>
  <testcase name="runScenario" time="89.370" classname="CucumberOptionsss.TestRunnerTestNG"/>
</testsuite> <!-- CucumberOptionsss.TestRunnerTestNG -->
