<?xml version="1.0" encoding="UTF-8"?>
<!-- Generated by org.testng.reporters.JUnitReportReporter -->
<testsuite skipped="0" hostname="LAPTOP-I390DLKC" name="Actions.Locators" tests="1" failures="0" timestamp="03 Jun 2021 12:47:02 GMT" time="7.241" errors="0">
  <testcase name="loc" time="7.241" classname="Actions.Locators"/>
</testsuite> <!-- Actions.Locators -->
