<?xml version="1.0" encoding="UTF-8"?>
<!-- Generated by org.testng.reporters.JUnitReportReporter -->
<testsuite skipped="0" hostname="LAPTOP-I390DLKC" name="Actions.KeyboardAction" tests="2" failures="0" timestamp="07 Jun 2021 06:23:03 GMT" time="234.865" errors="0">
  <testcase name="webtables" time="220.984" classname="Actions.KeyboardAction"/>
  <testcase name="LaunchingBrowser" time="13.881" classname="Actions.KeyboardAction"/>
</testsuite> <!-- Actions.KeyboardAction -->
