<?xml version="1.0" encoding="UTF-8"?>
<!-- Generated by org.testng.reporters.JUnitReportReporter -->
<testsuite skipped="0" hostname="LAPTOP-I390DLKC" name="Project.FrameWork.BaseTest" tests="3" failures="0" timestamp="2021-04-23T16:14:44 IST" time="48.330" errors="0">
  <testcase name="dataprovidertest" time="16.135" classname="Project.FrameWork.BaseTest"/>
  <system-out/>
  <testcase name="dataprovidertest" time="16.123" classname="Project.FrameWork.BaseTest"/>
  <system-out/>
  <testcase name="dataprovidertest" time="16.072" classname="Project.FrameWork.BaseTest"/>
  <system-out/>
</testsuite> <!-- Project.FrameWork.BaseTest -->
